<?xml version="1.0" encoding="UTF-8"?>
<!-- Generated by org.testng.reporters.JUnitXMLReporter -->
<testsuite ignored="0" hostname="LAPTOP-113A42CI" failures="0" tests="9" name="Default test" time="16.014" errors="0" timestamp="2023-08-13T12:21:18 IST">
  <testcase classname="TestCases.TE_API" name="get" time="4.041"/>
  <testcase classname="TestCases.TE_API" name="getById" time="2.445"/>
  <testcase classname="TestCases.TE_API" name="getById" time="1.26"/>
  <testcase classname="TestCases.TE_API" name="post" time="1.464"/>
  <testcase classname="TestCases.TE_API" name="post" time="1.144"/>
  <testcase classname="TestCases.TE_API" name="put" time="1.161"/>
  <testcase classname="TestCases.TE_API" name="put" time="1.152"/>
  <testcase classname="TestCases.TE_API" name="delete" time="1.13"/>
  <testcase classname="TestCases.TE_API" name="delete" time="1.164"/>
</testsuite> <!-- Default test -->
