<?xml version="1.0" encoding="UTF-8"?>
<testng-results ignored="0" total="9" passed="9" failed="0" skipped="0">
  <reporter-output>
  </reporter-output>
  <suite started-at="2023-08-13T12:21:02 IST" name="Default suite" finished-at="2023-08-13T12:21:18 IST" duration-ms="16014">
    <groups>
    </groups>
    <test started-at="2023-08-13T12:21:02 IST" name="Default test" finished-at="2023-08-13T12:21:18 IST" duration-ms="16014">
      <class name="TestCases.TE_API">
        <test-method is-config="true" signature="setup()[pri:0, instance:TestCases.TE_API@223191a6]" started-at="2023-08-13T12:21:02 IST" name="setup" finished-at="2023-08-13T12:21:03 IST" duration-ms="891" status="PASS">
          <reporter-output>
          </reporter-output>
        </test-method> <!-- setup -->
        <test-method signature="get()[pri:1, instance:TestCases.TE_API@223191a6]" started-at="2023-08-13T12:21:03 IST" name="get" finished-at="2023-08-13T12:21:07 IST" duration-ms="4041" status="PASS">
          <reporter-output>
          </reporter-output>
        </test-method> <!-- get -->
        <test-method signature="getById(java.lang.String)[pri:2, instance:TestCases.TE_API@223191a6]" started-at="2023-08-13T12:21:07 IST" name="getById" data-provider="get_Data" finished-at="2023-08-13T12:21:10 IST" duration-ms="2445" status="PASS">
          <params>
            <param index="0">
              <value>
                <![CDATA[1]]>
              </value>
            </param>
          </params>
          <reporter-output>
          </reporter-output>
        </test-method> <!-- getById -->
        <test-method signature="getById(java.lang.String)[pri:2, instance:TestCases.TE_API@223191a6]" started-at="2023-08-13T12:21:10 IST" name="getById" data-provider="get_Data" finished-at="2023-08-13T12:21:11 IST" duration-ms="1260" status="PASS">
          <params>
            <param index="0">
              <value>
                <![CDATA[2]]>
              </value>
            </param>
          </params>
          <reporter-output>
          </reporter-output>
        </test-method> <!-- getById -->
        <test-method signature="post(java.lang.String,java.lang.String,java.lang.String,java.lang.String)[pri:3, instance:TestCases.TE_API@223191a6]" started-at="2023-08-13T12:21:11 IST" name="post" data-provider="post_Data" finished-at="2023-08-13T12:21:13 IST" duration-ms="1464" status="PASS">
          <params>
            <param index="0">
              <value>
                <![CDATA[1]]>
              </value>
            </param>
            <param index="1">
              <value>
                <![CDATA[2]]>
              </value>
            </param>
            <param index="2">
              <value>
                <![CDATA[Red]]>
              </value>
            </param>
            <param index="3">
              <value>
                <![CDATA[Blue]]>
              </value>
            </param>
          </params>
          <reporter-output>
          </reporter-output>
        </test-method> <!-- post -->
        <test-method signature="post(java.lang.String,java.lang.String,java.lang.String,java.lang.String)[pri:3, instance:TestCases.TE_API@223191a6]" started-at="2023-08-13T12:21:13 IST" name="post" data-provider="post_Data" finished-at="2023-08-13T12:21:14 IST" duration-ms="1144" status="PASS">
          <params>
            <param index="0">
              <value>
                <![CDATA[2]]>
              </value>
            </param>
            <param index="1">
              <value>
                <![CDATA[3]]>
              </value>
            </param>
            <param index="2">
              <value>
                <![CDATA[Green]]>
              </value>
            </param>
            <param index="3">
              <value>
                <![CDATA[Yellow]]>
              </value>
            </param>
          </params>
          <reporter-output>
          </reporter-output>
        </test-method> <!-- post -->
        <test-method signature="put(java.lang.String,java.lang.String,java.lang.String,java.lang.String)[pri:4, instance:TestCases.TE_API@223191a6]" started-at="2023-08-13T12:21:14 IST" name="put" data-provider="put_Data" finished-at="2023-08-13T12:21:15 IST" duration-ms="1161" status="PASS">
          <params>
            <param index="0">
              <value>
                <![CDATA[1]]>
              </value>
            </param>
            <param index="1">
              <value>
                <![CDATA[2]]>
              </value>
            </param>
            <param index="2">
              <value>
                <![CDATA[Pink]]>
              </value>
            </param>
            <param index="3">
              <value>
                <![CDATA[White]]>
              </value>
            </param>
          </params>
          <reporter-output>
          </reporter-output>
        </test-method> <!-- put -->
        <test-method signature="put(java.lang.String,java.lang.String,java.lang.String,java.lang.String)[pri:4, instance:TestCases.TE_API@223191a6]" started-at="2023-08-13T12:21:15 IST" name="put" data-provider="put_Data" finished-at="2023-08-13T12:21:16 IST" duration-ms="1152" status="PASS">
          <params>
            <param index="0">
              <value>
                <![CDATA[2]]>
              </value>
            </param>
            <param index="1">
              <value>
                <![CDATA[20]]>
              </value>
            </param>
            <param index="2">
              <value>
                <![CDATA[Brown]]>
              </value>
            </param>
            <param index="3">
              <value>
                <![CDATA[Violet]]>
              </value>
            </param>
          </params>
          <reporter-output>
          </reporter-output>
        </test-method> <!-- put -->
        <test-method signature="delete(java.lang.String)[pri:5, instance:TestCases.TE_API@223191a6]" started-at="2023-08-13T12:21:16 IST" name="delete" data-provider="delete_Data" finished-at="2023-08-13T12:21:17 IST" duration-ms="1130" status="PASS">
          <params>
            <param index="0">
              <value>
                <![CDATA[1]]>
              </value>
            </param>
          </params>
          <reporter-output>
          </reporter-output>
        </test-method> <!-- delete -->
        <test-method signature="delete(java.lang.String)[pri:5, instance:TestCases.TE_API@223191a6]" started-at="2023-08-13T12:21:17 IST" name="delete" data-provider="delete_Data" finished-at="2023-08-13T12:21:18 IST" duration-ms="1164" status="PASS">
          <params>
            <param index="0">
              <value>
                <![CDATA[2]]>
              </value>
            </param>
          </params>
          <reporter-output>
          </reporter-output>
        </test-method> <!-- delete -->
      </class> <!-- TestCases.TE_API -->
    </test> <!-- Default test -->
  </suite> <!-- Default suite -->
</testng-results>
